<?xml version="1.0" encoding="UTF-8"?>
<testsuite xmlns:xsi="http://www.w3.org/2001/XMLSchema-instance" xsi:noNamespaceSchemaLocation="https://maven.apache.org/surefire/maven-surefire-plugin/xsd/surefire-test-report-3.0.xsd" version="3.0" name="TesteDeGrafico" time="0.068" tests="0" errors="0" skipped="0" failures="0">
  <properties>
    <property name="java.specification.version" value="19"/>
    <property name="sun.cpu.isalist" value="amd64"/>
    <property name="sun.jnu.encoding" value="Cp1252"/>
    <property name="java.class.path" value="C:\Users\Windows 7\Documents\NetBeansProjects\Traders\target\test-classes;C:\Users\Windows 7\Documents\NetBeansProjects\Traders\target\classes;C:\Users\Windows 7\.m2\repository\org\mongodb\mongodb-driver-legacy\4.0.6\mongodb-driver-legacy-4.0.6.jar;C:\Users\Windows 7\.m2\repository\org\mongodb\bson\4.0.6\bson-4.0.6.jar;C:\Users\Windows 7\.m2\repository\org\mongodb\mongodb-driver-core\4.0.6\mongodb-driver-core-4.0.6.jar;C:\Users\Windows 7\.m2\repository\org\mongodb\mongodb-driver-sync\4.0.6\mongodb-driver-sync-4.0.6.jar;C:\Users\Windows 7\.m2\repository\org\jfree\org.jfree.chart3d.fx\2.1\org.jfree.chart3d.fx-2.1.jar;C:\Users\Windows 7\.m2\repository\org\jfree\org.jfree.chart3d\2.0\org.jfree.chart3d-2.0.jar;C:\Users\Windows 7\.m2\repository\org\openjfx\javafx-controls\16\javafx-controls-16.jar;C:\Users\Windows 7\.m2\repository\org\openjfx\javafx-controls\16\javafx-controls-16-win.jar;C:\Users\Windows 7\.m2\repository\org\openjfx\javafx-graphics\16\javafx-graphics-16.jar;C:\Users\Windows 7\.m2\repository\org\openjfx\javafx-graphics\16\javafx-graphics-16-win.jar;C:\Users\Windows 7\.m2\repository\org\jfree\org.jfree.fxgraphics2d\2.1.1\org.jfree.fxgraphics2d-2.1.1.jar;C:\Users\Windows 7\.m2\repository\org\openjfx\javafx-base\16\javafx-base-16.jar;C:\Users\Windows 7\.m2\repository\org\openjfx\javafx-base\16\javafx-base-16-win.jar;C:\Users\Windows 7\.m2\repository\org\openjfx\javafx-swing\16\javafx-swing-16.jar;C:\Users\Windows 7\.m2\repository\org\openjfx\javafx-swing\16\javafx-swing-16-win.jar;C:\Users\Windows 7\.m2\repository\org\springframework\data\spring-data-mongodb\3.3.0\spring-data-mongodb-3.3.0.jar;C:\Users\Windows 7\.m2\repository\org\springframework\spring-tx\5.3.13\spring-tx-5.3.13.jar;C:\Users\Windows 7\.m2\repository\org\springframework\spring-context\5.3.13\spring-context-5.3.13.jar;C:\Users\Windows 7\.m2\repository\org\springframework\spring-aop\5.3.13\spring-aop-5.3.13.jar;C:\Users\Windows 7\.m2\repository\org\springframework\spring-beans\5.3.13\spring-beans-5.3.13.jar;C:\Users\Windows 7\.m2\repository\org\springframework\spring-core\5.3.13\spring-core-5.3.13.jar;C:\Users\Windows 7\.m2\repository\org\springframework\spring-jcl\5.3.13\spring-jcl-5.3.13.jar;C:\Users\Windows 7\.m2\repository\org\springframework\spring-expression\5.3.13\spring-expression-5.3.13.jar;C:\Users\Windows 7\.m2\repository\org\springframework\data\spring-data-commons\2.6.0\spring-data-commons-2.6.0.jar;C:\Users\Windows 7\.m2\repository\org\slf4j\slf4j-api\1.7.32\slf4j-api-1.7.32.jar;C:\Users\Windows 7\.m2\repository\com\fasterxml\jackson\core\jackson-core\2.13.0\jackson-core-2.13.0.jar;C:\Users\Windows 7\.m2\repository\com\fasterxml\jackson\core\jackson-databind\2.13.0\jackson-databind-2.13.0.jar;C:\Users\Windows 7\.m2\repository\com\fasterxml\jackson\core\jackson-annotations\2.13.0\jackson-annotations-2.13.0.jar;C:\Users\Windows 7\.m2\repository\com\google\code\gson\gson\2.10.1\gson-2.10.1.jar;C:\Users\Windows 7\.m2\repository\org\jfree\jfreechart\1.5.0\jfreechart-1.5.0.jar;"/>
    <property name="java.vm.vendor" value="Oracle Corporation"/>
    <property name="sun.arch.data.model" value="64"/>
    <property name="user.variant" value=""/>
    <property name="java.vendor.url" value="https://java.oracle.com/"/>
    <property name="user.timezone" value="America/Sao_Paulo"/>
    <property name="os.name" value="Windows 7"/>
    <property name="java.vm.specification.version" value="19"/>
    <property name="sun.java.launcher" value="SUN_STANDARD"/>
    <property name="user.country" value="BR"/>
    <property name="sun.boot.library.path" value="C:\jdk-19.0.2\bin"/>
    <property name="sun.java.command" value="C:\Users\Windows 7\AppData\Local\Temp\surefire18391455290215242560\surefirebooter-20230516211948878_3.jar C:\Users\Windows 7\AppData\Local\Temp\surefire18391455290215242560 2023-05-16T21-19-46_236-jvmRun1 surefire-20230516211948878_1tmp surefire_0-20230516211948878_2tmp"/>
    <property name="jdk.debug" value="release"/>
    <property name="surefire.test.class.path" value="C:\Users\Windows 7\Documents\NetBeansProjects\Traders\target\test-classes;C:\Users\Windows 7\Documents\NetBeansProjects\Traders\target\classes;C:\Users\Windows 7\.m2\repository\org\mongodb\mongodb-driver-legacy\4.0.6\mongodb-driver-legacy-4.0.6.jar;C:\Users\Windows 7\.m2\repository\org\mongodb\bson\4.0.6\bson-4.0.6.jar;C:\Users\Windows 7\.m2\repository\org\mongodb\mongodb-driver-core\4.0.6\mongodb-driver-core-4.0.6.jar;C:\Users\Windows 7\.m2\repository\org\mongodb\mongodb-driver-sync\4.0.6\mongodb-driver-sync-4.0.6.jar;C:\Users\Windows 7\.m2\repository\org\jfree\org.jfree.chart3d.fx\2.1\org.jfree.chart3d.fx-2.1.jar;C:\Users\Windows 7\.m2\repository\org\jfree\org.jfree.chart3d\2.0\org.jfree.chart3d-2.0.jar;C:\Users\Windows 7\.m2\repository\org\openjfx\javafx-controls\16\javafx-controls-16.jar;C:\Users\Windows 7\.m2\repository\org\openjfx\javafx-controls\16\javafx-controls-16-win.jar;C:\Users\Windows 7\.m2\repository\org\openjfx\javafx-graphics\16\javafx-graphics-16.jar;C:\Users\Windows 7\.m2\repository\org\openjfx\javafx-graphics\16\javafx-graphics-16-win.jar;C:\Users\Windows 7\.m2\repository\org\jfree\org.jfree.fxgraphics2d\2.1.1\org.jfree.fxgraphics2d-2.1.1.jar;C:\Users\Windows 7\.m2\repository\org\openjfx\javafx-base\16\javafx-base-16.jar;C:\Users\Windows 7\.m2\repository\org\openjfx\javafx-base\16\javafx-base-16-win.jar;C:\Users\Windows 7\.m2\repository\org\openjfx\javafx-swing\16\javafx-swing-16.jar;C:\Users\Windows 7\.m2\repository\org\openjfx\javafx-swing\16\javafx-swing-16-win.jar;C:\Users\Windows 7\.m2\repository\org\springframework\data\spring-data-mongodb\3.3.0\spring-data-mongodb-3.3.0.jar;C:\Users\Windows 7\.m2\repository\org\springframework\spring-tx\5.3.13\spring-tx-5.3.13.jar;C:\Users\Windows 7\.m2\repository\org\springframework\spring-context\5.3.13\spring-context-5.3.13.jar;C:\Users\Windows 7\.m2\repository\org\springframework\spring-aop\5.3.13\spring-aop-5.3.13.jar;C:\Users\Windows 7\.m2\repository\org\springframework\spring-beans\5.3.13\spring-beans-5.3.13.jar;C:\Users\Windows 7\.m2\repository\org\springframework\spring-core\5.3.13\spring-core-5.3.13.jar;C:\Users\Windows 7\.m2\repository\org\springframework\spring-jcl\5.3.13\spring-jcl-5.3.13.jar;C:\Users\Windows 7\.m2\repository\org\springframework\spring-expression\5.3.13\spring-expression-5.3.13.jar;C:\Users\Windows 7\.m2\repository\org\springframework\data\spring-data-commons\2.6.0\spring-data-commons-2.6.0.jar;C:\Users\Windows 7\.m2\repository\org\slf4j\slf4j-api\1.7.32\slf4j-api-1.7.32.jar;C:\Users\Windows 7\.m2\repository\com\fasterxml\jackson\core\jackson-core\2.13.0\jackson-core-2.13.0.jar;C:\Users\Windows 7\.m2\repository\com\fasterxml\jackson\core\jackson-databind\2.13.0\jackson-databind-2.13.0.jar;C:\Users\Windows 7\.m2\repository\com\fasterxml\jackson\core\jackson-annotations\2.13.0\jackson-annotations-2.13.0.jar;C:\Users\Windows 7\.m2\repository\com\google\code\gson\gson\2.10.1\gson-2.10.1.jar;C:\Users\Windows 7\.m2\repository\org\jfree\jfreechart\1.5.0\jfreechart-1.5.0.jar;"/>
    <property name="sun.cpu.endian" value="little"/>
    <property name="user.home" value="C:\Users\Windows 7"/>
    <property name="user.language" value="pt"/>
    <property name="java.specification.vendor" value="Oracle Corporation"/>
    <property name="java.version.date" value="2023-01-17"/>
    <property name="java.home" value="C:\jdk-19.0.2"/>
    <property name="file.separator" value="\"/>
    <property name="basedir" value="C:\Users\Windows 7\Documents\NetBeansProjects\Traders"/>
    <property name="java.vm.compressedOopsMode" value="32-bit"/>
    <property name="line.separator" value="&#10;"/>
    <property name="java.vm.specification.vendor" value="Oracle Corporation"/>
    <property name="java.specification.name" value="Java Platform API Specification"/>
    <property name="surefire.real.class.path" value="C:\Users\Windows 7\AppData\Local\Temp\surefire18391455290215242560\surefirebooter-20230516211948878_3.jar"/>
    <property name="user.script" value=""/>
    <property name="sun.management.compiler" value="HotSpot 64-Bit Tiered Compilers"/>
    <property name="java.runtime.version" value="19.0.2+7-44"/>
    <property name="user.name" value="Windows 7"/>
    <property name="stdout.encoding" value="Cp1252"/>
    <property name="path.separator" value=";"/>
    <property name="os.version" value="6.1"/>
    <property name="java.runtime.name" value="OpenJDK Runtime Environment"/>
    <property name="file.encoding" value="UTF-8"/>
    <property name="java.vm.name" value="OpenJDK 64-Bit Server VM"/>
    <property name="localRepository" value="C:\Users\Windows 7\.m2\repository"/>
    <property name="java.vendor.url.bug" value="https://bugreport.java.com/bugreport/"/>
    <property name="java.io.tmpdir" value="C:\Users\WINDOW~1\AppData\Local\Temp\"/>
    <property name="java.version" value="19.0.2"/>
    <property name="user.dir" value="C:\Users\Windows 7\Documents\NetBeansProjects\Traders"/>
    <property name="os.arch" value="amd64"/>
    <property name="java.vm.specification.name" value="Java Virtual Machine Specification"/>
    <property name="sun.os.patch.level" value="Service Pack 1"/>
    <property name="native.encoding" value="Cp1252"/>
    <property name="java.library.path" value="C:\jdk-19.0.2\bin;C:\Windows\Sun\Java\bin;C:\Windows\system32;C:\Windows;C:\jdk-19.0.2\bin;C:\Program Files\Common Files\Oracle\Java\javapath;C:\Program Files (x86)\Common Files\Oracle\Java\javapath;C:\Program Files (x86)\ActiveState Komodo IDE 12\;C:\Windows\system32;C:\Windows;C:\Windows\System32\Wbem;C:\Windows\System32\WindowsPowerShell\v1.0\;C:\Program Files\nodejs\;C:\Users\Windows 7\Documents\jdk\Nova pasta\bin;C:\Program Files\MySQL\MySQL Server 8.0\bin;C:\Program Files\Java\jdk1.8.0_202\bin;C:\Users\Windows 7\Downloads\jdk-18.0.2.1_windows-x64_bin.zip\jdk-18.0.2.1\bin;C:\Program Files\dotnet\;C:\Program Files\Git\cmd;C:\Users\Windows 7\AppData\Roaming\npm;C:\Program Files\MySQL\MySQL Shell 8.0\bin\;C:\Users\Windows 7\AppData\Roaming\npm;C:\Users\Windows 7\Documents\jdk\Nova pasta\bin;C:\Program Files\Java\jdk1.8.0_202\bin;C:\Users\Windows 7\Downloads\jdk-18.0.2.1_windows-x64_bin.zip\jdk-18.0.2.1\bin;C:\maven-3.9.0\bin;C:\jdk19-19.0.2;C:\Program Files\nodejs;C:\Program Files\MongoDB\Server\4.0\bin;C:\Program Files (x86)\Vim\vim90;."/>
    <property name="java.vm.info" value="mixed mode, sharing"/>
    <property name="stderr.encoding" value="Cp1252"/>
    <property name="java.vendor" value="Oracle Corporation"/>
    <property name="java.vm.version" value="19.0.2+7-44"/>
    <property name="sun.io.unicode.encoding" value="UnicodeLittle"/>
    <property name="java.class.version" value="63.0"/>
  </properties>
</testsuite>